<?xml version="1.0" encoding="UTF-8"?>
<!-- Generated by org.testng.reporters.JUnitReportReporter -->
<testsuite skipped="0" hostname="ASUS-PC" name="com.uiFrameworkVersion1.AppTest" tests="1" failures="0" timestamp="22 Nov 2019 05:50:13 GMT" time="0.001" errors="0">
  <testcase name="testApp" time="0.001" classname="com.uiFrameworkVersion1.AppTest"/>
</testsuite> <!-- com.uiFrameworkVersion1.AppTest -->
