<?xml version="1.0" encoding="UTF-8"?>
<!-- Generated by org.testng.reporters.JUnitReportReporter -->
<testsuite skipped="0" hostname="ASUS-PC" name="com.uiFrameworkVersion1.TestScripts" tests="1" failures="0" timestamp="16 Nov 2019 08:07:30 GMT" time="15.331" errors="0">
  <testcase name="ClickOnSigOn" time="15.331" classname="com.uiFrameworkVersion1.TestScripts"/>
</testsuite> <!-- com.uiFrameworkVersion1.TestScripts -->
