<?xml version="1.0" encoding="UTF-8"?>
<!-- Generated by org.testng.reporters.JUnitReportReporter -->
<testsuite skipped="20" hostname="ASUS-PC" name="com.uiFrameworkVersion1.companyName.mercury_tours.testScripts.Register_Login_Logout" tests="21" failures="0" timestamp="06 Dec 2019 13:08:59 GMT" time="44.243" errors="1">
  <testcase name="checkCustomerLogoutfromSignOnPage_ID021" time="44.243" classname="com.uiFrameworkVersion1.companyName.mercury_tours.testScripts.Register_Login_Logout">
    <error type="org.openqa.selenium.WebDriverException" message="chrome not reachable
  (Session info: chrome=78.0.3904.108)
Build info: version: &#039;3.141.59&#039;, revision: &#039;e82be7d358&#039;, time: &#039;2018-11-14T08:17:03&#039;
System info: host: &#039;ASUS-PC&#039;, ip: &#039;192.168.43.135&#039;, os.name: &#039;Windows 10&#039;, os.arch: &#039;amd64&#039;, os.version: &#039;10.0&#039;, java.version: &#039;1.8.0_191&#039;
Driver info: org.openqa.selenium.chrome.ChromeDriver
Capabilities {acceptInsecureCerts: false, browserName: chrome, browserVersion: 78.0.3904.108, chrome: {chromedriverVersion: 78.0.3904.70 (edb9c9f3de024..., userDataDir: C:\Users\Punit\AppData\Loca...}, goog:chromeOptions: {debuggerAddress: localhost:50255}, javascriptEnabled: true, networkConnectionEnabled: false, pageLoadStrategy: normal, platform: XP, platformName: XP, proxy: Proxy(), setWindowRect: true, strictFileInteractability: false, timeouts: {implicit: 0, pageLoad: 300000, script: 30000}, unhandledPromptBehavior: dismiss and notify}
Session ID: 433a1ba18eb9efc01745005fa017413e">
      <![CDATA[org.openqa.selenium.WebDriverException: chrome not reachable
  (Session info: chrome=78.0.3904.108)
Build info: version: '3.141.59', revision: 'e82be7d358', time: '2018-11-14T08:17:03'
System info: host: 'ASUS-PC', ip: '192.168.43.135', os.name: 'Windows 10', os.arch: 'amd64', os.version: '10.0', java.version: '1.8.0_191'
Driver info: org.openqa.selenium.chrome.ChromeDriver
Capabilities {acceptInsecureCerts: false, browserName: chrome, browserVersion: 78.0.3904.108, chrome: {chromedriverVersion: 78.0.3904.70 (edb9c9f3de024..., userDataDir: C:\Users\Punit\AppData\Loca...}, goog:chromeOptions: {debuggerAddress: localhost:50255}, javascriptEnabled: true, networkConnectionEnabled: false, pageLoadStrategy: normal, platform: XP, platformName: XP, proxy: Proxy(), setWindowRect: true, strictFileInteractability: false, timeouts: {implicit: 0, pageLoad: 300000, script: 30000}, unhandledPromptBehavior: dismiss and notify}
Session ID: 433a1ba18eb9efc01745005fa017413e
at sun.reflect.NativeConstructorAccessorImpl.newInstance0(Native Method)
at sun.reflect.NativeConstructorAccessorImpl.newInstance(NativeConstructorAccessorImpl.java:62)
at sun.reflect.DelegatingConstructorAccessorImpl.newInstance(DelegatingConstructorAccessorImpl.java:45)
at java.lang.reflect.Constructor.newInstance(Constructor.java:423)
at org.openqa.selenium.remote.http.W3CHttpResponseCodec.createException(W3CHttpResponseCodec.java:187)
at org.openqa.selenium.remote.http.W3CHttpResponseCodec.decode(W3CHttpResponseCodec.java:122)
at org.openqa.selenium.remote.http.W3CHttpResponseCodec.decode(W3CHttpResponseCodec.java:49)
at org.openqa.selenium.remote.HttpCommandExecutor.execute(HttpCommandExecutor.java:158)
at org.openqa.selenium.remote.service.DriverCommandExecutor.execute(DriverCommandExecutor.java:83)
at org.openqa.selenium.remote.RemoteWebDriver.execute(RemoteWebDriver.java:552)
at org.openqa.selenium.remote.RemoteWebDriver.execute(RemoteWebDriver.java:609)
at org.openqa.selenium.remote.RemoteWebDriver.getCurrentUrl(RemoteWebDriver.java:287)
at com.uiFrameworkVersion1.companyName.mercury_tours.testScripts.Register_Login_Logout.checkCustomerLogoutfromSignOnPage_ID021(Register_Login_Logout.java:408)
at sun.reflect.NativeMethodAccessorImpl.invoke0(Native Method)
at sun.reflect.NativeMethodAccessorImpl.invoke(NativeMethodAccessorImpl.java:62)
at sun.reflect.DelegatingMethodAccessorImpl.invoke(DelegatingMethodAccessorImpl.java:43)
at java.lang.reflect.Method.invoke(Method.java:498)
at org.testng.internal.MethodInvocationHelper.invokeMethod(MethodInvocationHelper.java:124)
at org.testng.internal.Invoker.invokeMethod(Invoker.java:583)
at org.testng.internal.Invoker.invokeTestMethod(Invoker.java:719)
at org.testng.internal.Invoker.invokeTestMethods(Invoker.java:989)
at org.testng.internal.TestMethodWorker.invokeTestMethods(TestMethodWorker.java:125)
at org.testng.internal.TestMethodWorker.run(TestMethodWorker.java:109)
at org.testng.TestRunner.privateRun(TestRunner.java:648)
at org.testng.TestRunner.run(TestRunner.java:505)
at org.testng.SuiteRunner.runTest(SuiteRunner.java:455)
at org.testng.SuiteRunner.runSequentially(SuiteRunner.java:450)
at org.testng.SuiteRunner.privateRun(SuiteRunner.java:415)
at org.testng.SuiteRunner.run(SuiteRunner.java:364)
at org.testng.SuiteRunnerWorker.runSuite(SuiteRunnerWorker.java:52)
at org.testng.SuiteRunnerWorker.run(SuiteRunnerWorker.java:84)
at org.testng.TestNG.runSuitesSequentially(TestNG.java:1208)
at org.testng.TestNG.runSuitesLocally(TestNG.java:1137)
at org.testng.TestNG.runSuites(TestNG.java:1049)
at org.testng.TestNG.run(TestNG.java:1017)
at org.testng.remote.AbstractRemoteTestNG.run(AbstractRemoteTestNG.java:114)
at org.testng.remote.RemoteTestNG.initAndRun(RemoteTestNG.java:251)
at org.testng.remote.RemoteTestNG.main(RemoteTestNG.java:77)
]]>
    </error>
  </testcase> <!-- checkCustomerLogoutfromSignOnPage_ID021 -->
  <testcase name="checkCustomerLoginfromHomepageWith_valid_username_invalid_password_ID02" classname="com.uiFrameworkVersion1.companyName.mercury_tours.testScripts.Register_Login_Logout">
    <skipped/>
  </testcase> <!-- checkCustomerLoginfromHomepageWith_valid_username_invalid_password_ID02 -->
  <testcase name="checkCustomerLogoutfromHomePage_ID018" classname="com.uiFrameworkVersion1.companyName.mercury_tours.testScripts.Register_Login_Logout">
    <skipped/>
  </testcase> <!-- checkCustomerLogoutfromHomePage_ID018 -->
  <testcase name="checkCustomerLoginfromIndexPageWith_invalid_username_invalid_password_ID013" classname="com.uiFrameworkVersion1.companyName.mercury_tours.testScripts.Register_Login_Logout">
    <skipped/>
  </testcase> <!-- checkCustomerLoginfromIndexPageWith_invalid_username_invalid_password_ID013 -->
  <testcase name="checkCustomerLoginfromSignOnPageWith_valid_username_invalid_password_ID06" classname="com.uiFrameworkVersion1.companyName.mercury_tours.testScripts.Register_Login_Logout">
    <skipped/>
  </testcase> <!-- checkCustomerLoginfromSignOnPageWith_valid_username_invalid_password_ID06 -->
  <testcase name="checkCustomerLoginfromIndexPageWith_valid_username_invalid_password_ID010" classname="com.uiFrameworkVersion1.companyName.mercury_tours.testScripts.Register_Login_Logout">
    <skipped/>
  </testcase> <!-- checkCustomerLoginfromIndexPageWith_valid_username_invalid_password_ID010 -->
  <testcase name="checkCustomerLoginfromWelcomePageWith_invalid_username_invalid_password_ID017" classname="com.uiFrameworkVersion1.companyName.mercury_tours.testScripts.Register_Login_Logout">
    <skipped/>
  </testcase> <!-- checkCustomerLoginfromWelcomePageWith_invalid_username_invalid_password_ID017 -->
  <testcase name="checkCustomerRegistration_ID01" classname="com.uiFrameworkVersion1.companyName.mercury_tours.testScripts.Register_Login_Logout">
    <skipped/>
  </testcase> <!-- checkCustomerRegistration_ID01 -->
  <testcase name="checkCustomerLoginfromWelcomePageWith_valid_username_invalid_password_ID014" classname="com.uiFrameworkVersion1.companyName.mercury_tours.testScripts.Register_Login_Logout">
    <skipped/>
  </testcase> <!-- checkCustomerLoginfromWelcomePageWith_valid_username_invalid_password_ID014 -->
  <testcase name="checkCustomerLoginfromWelcomePageWith_invalid_username_valid_password_ID016" classname="com.uiFrameworkVersion1.companyName.mercury_tours.testScripts.Register_Login_Logout">
    <skipped/>
  </testcase> <!-- checkCustomerLoginfromWelcomePageWith_invalid_username_valid_password_ID016 -->
  <testcase name="checkCustomerLoginfromSignOnPageWith_invalid_username_invalid_password_ID09" classname="com.uiFrameworkVersion1.companyName.mercury_tours.testScripts.Register_Login_Logout">
    <skipped/>
  </testcase> <!-- checkCustomerLoginfromSignOnPageWith_invalid_username_invalid_password_ID09 -->
  <testcase name="checkCustomerLoginfromSignOnPageWith_invalid_username_valid_password_ID08" classname="com.uiFrameworkVersion1.companyName.mercury_tours.testScripts.Register_Login_Logout">
    <skipped/>
  </testcase> <!-- checkCustomerLoginfromSignOnPageWith_invalid_username_valid_password_ID08 -->
  <testcase name="checkCustomerLoginfromWelcomePageWith_valid_username_valid_password_ID015" classname="com.uiFrameworkVersion1.companyName.mercury_tours.testScripts.Register_Login_Logout">
    <skipped/>
  </testcase> <!-- checkCustomerLoginfromWelcomePageWith_valid_username_valid_password_ID015 -->
  <testcase name="checkCustomerLogoutfromIndexPage_ID020" classname="com.uiFrameworkVersion1.companyName.mercury_tours.testScripts.Register_Login_Logout">
    <skipped/>
  </testcase> <!-- checkCustomerLogoutfromIndexPage_ID020 -->
  <testcase name="checkCustomerLoginfromHomepageWith_invalid_username_invalid_password_ID05" classname="com.uiFrameworkVersion1.companyName.mercury_tours.testScripts.Register_Login_Logout">
    <skipped/>
  </testcase> <!-- checkCustomerLoginfromHomepageWith_invalid_username_invalid_password_ID05 -->
  <testcase name="checkCustomerLoginfromSignOnPageWith_valid_username_valid_password_ID07" classname="com.uiFrameworkVersion1.companyName.mercury_tours.testScripts.Register_Login_Logout">
    <skipped/>
  </testcase> <!-- checkCustomerLoginfromSignOnPageWith_valid_username_valid_password_ID07 -->
  <testcase name="checkCustomerLoginfromIndexPageWith_valid_username_valid_password_ID011" classname="com.uiFrameworkVersion1.companyName.mercury_tours.testScripts.Register_Login_Logout">
    <skipped/>
  </testcase> <!-- checkCustomerLoginfromIndexPageWith_valid_username_valid_password_ID011 -->
  <testcase name="checkCustomerLoginfromHomepageWith_invalid_username_valid_password_ID04" classname="com.uiFrameworkVersion1.companyName.mercury_tours.testScripts.Register_Login_Logout">
    <skipped/>
  </testcase> <!-- checkCustomerLoginfromHomepageWith_invalid_username_valid_password_ID04 -->
  <testcase name="checkCustomerLogoutfromWelcomePage_ID019" classname="com.uiFrameworkVersion1.companyName.mercury_tours.testScripts.Register_Login_Logout">
    <skipped/>
  </testcase> <!-- checkCustomerLogoutfromWelcomePage_ID019 -->
  <testcase name="checkCustomerLoginfromHomepageWith_valid_username_valid_password_ID03" classname="com.uiFrameworkVersion1.companyName.mercury_tours.testScripts.Register_Login_Logout">
    <skipped/>
  </testcase> <!-- checkCustomerLoginfromHomepageWith_valid_username_valid_password_ID03 -->
  <testcase name="checkCustomerLoginfromIndexPageWith_invalid_username_valid_password_ID012" classname="com.uiFrameworkVersion1.companyName.mercury_tours.testScripts.Register_Login_Logout">
    <skipped/>
  </testcase> <!-- checkCustomerLoginfromIndexPageWith_invalid_username_valid_password_ID012 -->
</testsuite> <!-- com.uiFrameworkVersion1.companyName.mercury_tours.testScripts.Register_Login_Logout -->
