<?xml version="1.0" encoding="UTF-8"?>
<!-- Generated by org.testng.reporters.JUnitReportReporter -->
<testsuite skipped="81" hostname="ASUS-PC" name="com.uiFrameworkVersion1.companyName.mercury_tours.testScripts.TestScriptSet1" tests="84" failures="0" timestamp="14 Dec 2019 12:31:21 GMT" time="146.546" errors="0">
  <testcase name="verify_Logout_ButtonFunctionality_onPurchase2page_ID107" time="52.112" classname="com.uiFrameworkVersion1.companyName.mercury_tours.testScripts.TestScriptSet1"/>
  <testcase name="verify_BacktoHome_ButtonFunctionality_onPurchase2page_ID106" time="56.139" classname="com.uiFrameworkVersion1.companyName.mercury_tours.testScripts.TestScriptSet1"/>
  <testcase name="verify_BacktoFlights_ButtonFunctionality_onPurchase2page_ID105" time="38.295" classname="com.uiFrameworkVersion1.companyName.mercury_tours.testScripts.TestScriptSet1"/>
  <testcase name="checkDepartureDateFunctionality_DepartSection_ofReservation2Page_ID65" classname="com.uiFrameworkVersion1.companyName.mercury_tours.testScripts.TestScriptSet1">
    <skipped/>
  </testcase> <!-- checkDepartureDateFunctionality_DepartSection_ofReservation2Page_ID65 -->
  <testcase name="checkRegisterLinkNavigation_ID30" classname="com.uiFrameworkVersion1.companyName.mercury_tours.testScripts.TestScriptSet1">
    <skipped/>
  </testcase> <!-- checkRegisterLinkNavigation_ID30 -->
  <testcase name="checkFlightsLinkNavigation_ID23" classname="com.uiFrameworkVersion1.companyName.mercury_tours.testScripts.TestScriptSet1">
    <skipped/>
  </testcase> <!-- checkFlightsLinkNavigation_ID23 -->
  <testcase name="check_RegisterHere_LinkNavigation_ofIndexPage_ID43" classname="com.uiFrameworkVersion1.companyName.mercury_tours.testScripts.TestScriptSet1">
    <skipped/>
  </testcase> <!-- check_RegisterHere_LinkNavigation_ofIndexPage_ID43 -->
  <testcase name="verifyBillingAddress_BilledToSection_onPurchase2page_ID101" classname="com.uiFrameworkVersion1.companyName.mercury_tours.testScripts.TestScriptSet1">
    <skipped/>
  </testcase> <!-- verifyBillingAddress_BilledToSection_onPurchase2page_ID101 -->
  <testcase name="check_yourDestination_LinkNavigation_ofIndexPage_ID41" classname="com.uiFrameworkVersion1.companyName.mercury_tours.testScripts.TestScriptSet1">
    <skipped/>
  </testcase> <!-- check_yourDestination_LinkNavigation_ofIndexPage_ID41 -->
  <testcase name="verifyTotalTax_onPurchase2page_ID103" classname="com.uiFrameworkVersion1.companyName.mercury_tours.testScripts.TestScriptSet1">
    <skipped/>
  </testcase> <!-- verifyTotalTax_onPurchase2page_ID103 -->
  <testcase name="checkItineraryLinkNavigation_ofReservationPage_ID58" classname="com.uiFrameworkVersion1.companyName.mercury_tours.testScripts.TestScriptSet1">
    <skipped/>
  </testcase> <!-- checkItineraryLinkNavigation_ofReservationPage_ID58 -->
  <testcase name="checkDropDownListFunctionality_FlightDetailsSection_PassengersList_ofReservationPage_ID49" classname="com.uiFrameworkVersion1.companyName.mercury_tours.testScripts.TestScriptSet1">
    <skipped/>
  </testcase> <!-- checkDropDownListFunctionality_FlightDetailsSection_PassengersList_ofReservationPage_ID49 -->
  <testcase name="checkDropDownListFunctionality_FlightDetailsSection_ReturningMonthList_ofReservationPage_ID54" classname="com.uiFrameworkVersion1.companyName.mercury_tours.testScripts.TestScriptSet1">
    <skipped/>
  </testcase> <!-- checkDropDownListFunctionality_FlightDetailsSection_ReturningMonthList_ofReservationPage_ID54 -->
  <testcase name="checkDropDownListFunctionality_FlightDetailsSection_ArrivingInList_ofReservationPage_ID53" classname="com.uiFrameworkVersion1.companyName.mercury_tours.testScripts.TestScriptSet1">
    <skipped/>
  </testcase> <!-- checkDropDownListFunctionality_FlightDetailsSection_ArrivingInList_ofReservationPage_ID53 -->
  <testcase name="checkSupportLinkNavigation_ID31" classname="com.uiFrameworkVersion1.companyName.mercury_tours.testScripts.TestScriptSet1">
    <skipped/>
  </testcase> <!-- checkSupportLinkNavigation_ID31 -->
  <testcase name="checkHomeLinkNavigation_ID22" classname="com.uiFrameworkVersion1.companyName.mercury_tours.testScripts.TestScriptSet1">
    <skipped/>
  </testcase> <!-- checkHomeLinkNavigation_ID22 -->
  <testcase name="verifyFlightDestinations_ReturningSection_onPurchase2page_ID96" classname="com.uiFrameworkVersion1.companyName.mercury_tours.testScripts.TestScriptSet1">
    <skipped/>
  </testcase> <!-- verifyFlightDestinations_ReturningSection_onPurchase2page_ID96 -->
  <testcase name="verifyFlightServiceClass_ReturningSection_onPurchase2page_ID98" classname="com.uiFrameworkVersion1.companyName.mercury_tours.testScripts.TestScriptSet1">
    <skipped/>
  </testcase> <!-- verifyFlightServiceClass_ReturningSection_onPurchase2page_ID98 -->
  <testcase name="checkSercurePurchaseButtonFunctionality_ofPurchasePage_ID90" classname="com.uiFrameworkVersion1.companyName.mercury_tours.testScripts.TestScriptSet1">
    <skipped/>
  </testcase> <!-- checkSercurePurchaseButtonFunctionality_ofPurchasePage_ID90 -->
  <testcase name="check_RegisterHere_LinkNavigation_ofWelcomePage_ID39" classname="com.uiFrameworkVersion1.companyName.mercury_tours.testScripts.TestScriptSet1">
    <skipped/>
  </testcase> <!-- check_RegisterHere_LinkNavigation_ofWelcomePage_ID39 -->
  <testcase name="checkLabelFunctionality_DepartSection_ofReservation2Page_ID63" classname="com.uiFrameworkVersion1.companyName.mercury_tours.testScripts.TestScriptSet1">
    <skipped/>
  </testcase> <!-- checkLabelFunctionality_DepartSection_ofReservation2Page_ID63 -->
  <testcase name="checkDropdownListFunctionality_CreditCardSection_ofPurchasePage_ID84" classname="com.uiFrameworkVersion1.companyName.mercury_tours.testScripts.TestScriptSet1">
    <skipped/>
  </testcase> <!-- checkDropdownListFunctionality_CreditCardSection_ofPurchasePage_ID84 -->
  <testcase name="checkDate_ofHomePage_ID36" classname="com.uiFrameworkVersion1.companyName.mercury_tours.testScripts.TestScriptSet1">
    <skipped/>
  </testcase> <!-- checkDate_ofHomePage_ID36 -->
  <testcase name="checkDropdownListFunctionality_CreditCardSection_ofPurchasePage_ID83" classname="com.uiFrameworkVersion1.companyName.mercury_tours.testScripts.TestScriptSet1">
    <skipped/>
  </testcase> <!-- checkDropdownListFunctionality_CreditCardSection_ofPurchasePage_ID83 -->
  <testcase name="checkRegistrationFormLink_ofSignOnPage_ID46" classname="com.uiFrameworkVersion1.companyName.mercury_tours.testScripts.TestScriptSet1">
    <skipped/>
  </testcase> <!-- checkRegistrationFormLink_ofSignOnPage_ID46 -->
  <testcase name="checkDropdownListFunctionality_DeliveryAddressSection_ofPurchasePage_ID87" classname="com.uiFrameworkVersion1.companyName.mercury_tours.testScripts.TestScriptSet1">
    <skipped/>
  </testcase> <!-- checkDropdownListFunctionality_DeliveryAddressSection_ofPurchasePage_ID87 -->
  <testcase name="checkDropdownListFunctionality_CreditCardSection_ofPurchasePage_ID85" classname="com.uiFrameworkVersion1.companyName.mercury_tours.testScripts.TestScriptSet1">
    <skipped/>
  </testcase> <!-- checkDropdownListFunctionality_CreditCardSection_ofPurchasePage_ID85 -->
  <testcase name="checkRadioButtons_PreferencesSection_ofReservationPage_ID48" classname="com.uiFrameworkVersion1.companyName.mercury_tours.testScripts.TestScriptSet1">
    <skipped/>
  </testcase> <!-- checkRadioButtons_PreferencesSection_ofReservationPage_ID48 -->
  <testcase name="checkContinueButtonFunctionality_ofReservation2Page_ID67" classname="com.uiFrameworkVersion1.companyName.mercury_tours.testScripts.TestScriptSet1">
    <skipped/>
  </testcase> <!-- checkContinueButtonFunctionality_ofReservation2Page_ID67 -->
  <testcase name="check_RegisterHere_LinkNavigation_ofHomePage_ID35" classname="com.uiFrameworkVersion1.companyName.mercury_tours.testScripts.TestScriptSet1">
    <skipped/>
  </testcase> <!-- check_RegisterHere_LinkNavigation_ofHomePage_ID35 -->
  <testcase name="checkTotalPriceFunctionality_summarySection_ofPurchasePage_ID80" classname="com.uiFrameworkVersion1.companyName.mercury_tours.testScripts.TestScriptSet1">
    <skipped/>
  </testcase> <!-- checkTotalPriceFunctionality_summarySection_ofPurchasePage_ID80 -->
  <testcase name="checkDropdownListFunctionality_BillingAddressSection_ofPurchasePage_ID86" classname="com.uiFrameworkVersion1.companyName.mercury_tours.testScripts.TestScriptSet1">
    <skipped/>
  </testcase> <!-- checkDropdownListFunctionality_BillingAddressSection_ofPurchasePage_ID86 -->
  <testcase name="checkDepartureDateFunctionality_summarySection_ofPurchasePage_ID70" classname="com.uiFrameworkVersion1.companyName.mercury_tours.testScripts.TestScriptSet1">
    <skipped/>
  </testcase> <!-- checkDepartureDateFunctionality_summarySection_ofPurchasePage_ID70 -->
  <testcase name="checkVacationsLinkNavigation_ID28" classname="com.uiFrameworkVersion1.companyName.mercury_tours.testScripts.TestScriptSet1">
    <skipped/>
  </testcase> <!-- checkVacationsLinkNavigation_ID28 -->
  <testcase name="checkDropDownListFunctionality_FlightDetailsSection_OnMonthList_ofReservationPage_ID51" classname="com.uiFrameworkVersion1.companyName.mercury_tours.testScripts.TestScriptSet1">
    <skipped/>
  </testcase> <!-- checkDropDownListFunctionality_FlightDetailsSection_OnMonthList_ofReservationPage_ID51 -->
  <testcase name="verifyFlightDestinations_DepartingSection_onPurchase2page_ID92" classname="com.uiFrameworkVersion1.companyName.mercury_tours.testScripts.TestScriptSet1">
    <skipped/>
  </testcase> <!-- verifyFlightDestinations_DepartingSection_onPurchase2page_ID92 -->
  <testcase name="checklabelFunctionality_summarySection_ofPurchasePage_ID78" classname="com.uiFrameworkVersion1.companyName.mercury_tours.testScripts.TestScriptSet1">
    <skipped/>
  </testcase> <!-- checklabelFunctionality_summarySection_ofPurchasePage_ID78 -->
  <testcase name="checklabelFunctionality_summarySection_ofPurchasePage_ID76" classname="com.uiFrameworkVersion1.companyName.mercury_tours.testScripts.TestScriptSet1">
    <skipped/>
  </testcase> <!-- checklabelFunctionality_summarySection_ofPurchasePage_ID76 -->
  <testcase name="checklabelFunctionality_summarySection_ofPurchasePage_ID79" classname="com.uiFrameworkVersion1.companyName.mercury_tours.testScripts.TestScriptSet1">
    <skipped/>
  </testcase> <!-- checklabelFunctionality_summarySection_ofPurchasePage_ID79 -->
  <testcase name="checkRadioButtonFunctionality_ReturnSection_ofReservation2Page_ID62" classname="com.uiFrameworkVersion1.companyName.mercury_tours.testScripts.TestScriptSet1">
    <skipped/>
  </testcase> <!-- checkRadioButtonFunctionality_ReturnSection_ofReservation2Page_ID62 -->
  <testcase name="checklabelFunctionality_summarySection_ofPurchasePage_ID74" classname="com.uiFrameworkVersion1.companyName.mercury_tours.testScripts.TestScriptSet1">
    <skipped/>
  </testcase> <!-- checklabelFunctionality_summarySection_ofPurchasePage_ID74 -->
  <testcase name="checklabelFunctionality_summarySection_ofPurchasePage_ID77" classname="com.uiFrameworkVersion1.companyName.mercury_tours.testScripts.TestScriptSet1">
    <skipped/>
  </testcase> <!-- checklabelFunctionality_summarySection_ofPurchasePage_ID77 -->
  <testcase name="checklabelFunctionality_summarySection_ofPurchasePage_ID72" classname="com.uiFrameworkVersion1.companyName.mercury_tours.testScripts.TestScriptSet1">
    <skipped/>
  </testcase> <!-- checklabelFunctionality_summarySection_ofPurchasePage_ID72 -->
  <testcase name="checklabelFunctionality_summarySection_ofPurchasePage_ID75" classname="com.uiFrameworkVersion1.companyName.mercury_tours.testScripts.TestScriptSet1">
    <skipped/>
  </testcase> <!-- checklabelFunctionality_summarySection_ofPurchasePage_ID75 -->
  <testcase name="checkDropDownListFunctionality_FlightDetailsSection_OnDayList_ofReservationPage_ID52" classname="com.uiFrameworkVersion1.companyName.mercury_tours.testScripts.TestScriptSet1">
    <skipped/>
  </testcase> <!-- checkDropDownListFunctionality_FlightDetailsSection_OnDayList_ofReservationPage_ID52 -->
  <testcase name="checkDestinationsLinkNavigation_ID27" classname="com.uiFrameworkVersion1.companyName.mercury_tours.testScripts.TestScriptSet1">
    <skipped/>
  </testcase> <!-- checkDestinationsLinkNavigation_ID27 -->
  <testcase name="checkDate_ofIndexPage_ID44" classname="com.uiFrameworkVersion1.companyName.mercury_tours.testScripts.TestScriptSet1">
    <skipped/>
  </testcase> <!-- checkDate_ofIndexPage_ID44 -->
  <testcase name="checkLabelFunctionality_ofPurchasePage_ID69" classname="com.uiFrameworkVersion1.companyName.mercury_tours.testScripts.TestScriptSet1">
    <skipped/>
  </testcase> <!-- checkLabelFunctionality_ofPurchasePage_ID69 -->
  <testcase name="checkContactLinkNavigation_ID32" classname="com.uiFrameworkVersion1.companyName.mercury_tours.testScripts.TestScriptSet1">
    <skipped/>
  </testcase> <!-- checkContactLinkNavigation_ID32 -->
  <testcase name="checkDropDownListFunctionality_PreferencesSection_AirlineList_ofReservationPage_ID56" classname="com.uiFrameworkVersion1.companyName.mercury_tours.testScripts.TestScriptSet1">
    <skipped/>
  </testcase> <!-- checkDropDownListFunctionality_PreferencesSection_AirlineList_ofReservationPage_ID56 -->
  <testcase name="checkSignOnLinkNavigation_ID29" classname="com.uiFrameworkVersion1.companyName.mercury_tours.testScripts.TestScriptSet1">
    <skipped/>
  </testcase> <!-- checkSignOnLinkNavigation_ID29 -->
  <testcase name="verifyFlightPrice_DepartingSection_onPurchase2page_ID95" classname="com.uiFrameworkVersion1.companyName.mercury_tours.testScripts.TestScriptSet1">
    <skipped/>
  </testcase> <!-- verifyFlightPrice_DepartingSection_onPurchase2page_ID95 -->
  <testcase name="checkProfileLinkNavigation_ofReservationPage_ID59" classname="com.uiFrameworkVersion1.companyName.mercury_tours.testScripts.TestScriptSet1">
    <skipped/>
  </testcase> <!-- checkProfileLinkNavigation_ofReservationPage_ID59 -->
  <testcase name="verifyTotalPrice_onPurchase2page_ID104" classname="com.uiFrameworkVersion1.companyName.mercury_tours.testScripts.TestScriptSet1">
    <skipped/>
  </testcase> <!-- verifyTotalPrice_onPurchase2page_ID104 -->
  <testcase name="checkCarRentalsLinkNavigation_ID25" classname="com.uiFrameworkVersion1.companyName.mercury_tours.testScripts.TestScriptSet1">
    <skipped/>
  </testcase> <!-- checkCarRentalsLinkNavigation_ID25 -->
  <testcase name="check_FeaturedVactionsDestination_LinkNavigation_ofWelcomePage_ID38" classname="com.uiFrameworkVersion1.companyName.mercury_tours.testScripts.TestScriptSet1">
    <skipped/>
  </testcase> <!-- check_FeaturedVactionsDestination_LinkNavigation_ofWelcomePage_ID38 -->
  <testcase name="checkDropDownListFunctionality_FlightDetailsSection_DepartingfromList_ofReservationPage_ID50" classname="com.uiFrameworkVersion1.companyName.mercury_tours.testScripts.TestScriptSet1">
    <skipped/>
  </testcase> <!-- checkDropDownListFunctionality_FlightDetailsSection_DepartingfromList_ofReservationPage_ID50 -->
  <testcase name="verifyPassengers_PassengersSection_onPurchase2page_ID100" classname="com.uiFrameworkVersion1.companyName.mercury_tours.testScripts.TestScriptSet1">
    <skipped/>
  </testcase> <!-- verifyPassengers_PassengersSection_onPurchase2page_ID100 -->
  <testcase name="checkLabelFunctionality_ReturnSection_ofReservation2Page_ID64" classname="com.uiFrameworkVersion1.companyName.mercury_tours.testScripts.TestScriptSet1">
    <skipped/>
  </testcase> <!-- checkLabelFunctionality_ReturnSection_ofReservation2Page_ID64 -->
  <testcase name="checkLabelFunctionality_ofPurchasePage_ID68" classname="com.uiFrameworkVersion1.companyName.mercury_tours.testScripts.TestScriptSet1">
    <skipped/>
  </testcase> <!-- checkLabelFunctionality_ofPurchasePage_ID68 -->
  <testcase name="verifyFlightDateTimeAirline_ReturningSection_onPurchase2page_ID97" classname="com.uiFrameworkVersion1.companyName.mercury_tours.testScripts.TestScriptSet1">
    <skipped/>
  </testcase> <!-- verifyFlightDateTimeAirline_ReturningSection_onPurchase2page_ID97 -->
  <testcase name="check_yourDestination_LinkNavigation_ofHomePage_ID33" classname="com.uiFrameworkVersion1.companyName.mercury_tours.testScripts.TestScriptSet1">
    <skipped/>
  </testcase> <!-- check_yourDestination_LinkNavigation_ofHomePage_ID33 -->
  <testcase name="checkRadioButtonFunctionality_DepartSection_ofReservation2Page_ID61" classname="com.uiFrameworkVersion1.companyName.mercury_tours.testScripts.TestScriptSet1">
    <skipped/>
  </testcase> <!-- checkRadioButtonFunctionality_DepartSection_ofReservation2Page_ID61 -->
  <testcase name="checkCheckBoxFunctionality_DeliveryAddressSection_ofPurchasePage_ID89" classname="com.uiFrameworkVersion1.companyName.mercury_tours.testScripts.TestScriptSet1">
    <skipped/>
  </testcase> <!-- checkCheckBoxFunctionality_DeliveryAddressSection_ofPurchasePage_ID89 -->
  <testcase name="verifyFlightPrice_ReturningSection_onPurchase2page_ID99" classname="com.uiFrameworkVersion1.companyName.mercury_tours.testScripts.TestScriptSet1">
    <skipped/>
  </testcase> <!-- verifyFlightPrice_ReturningSection_onPurchase2page_ID99 -->
  <testcase name="checkReturningDateFunctionality_summarySection_ofPurchasePage_ID71" classname="com.uiFrameworkVersion1.companyName.mercury_tours.testScripts.TestScriptSet1">
    <skipped/>
  </testcase> <!-- checkReturningDateFunctionality_summarySection_ofPurchasePage_ID71 -->
  <testcase name="verifySuccesfulFlightBookingMessage_onPurchase2page_ID91" classname="com.uiFrameworkVersion1.companyName.mercury_tours.testScripts.TestScriptSet1">
    <skipped/>
  </testcase> <!-- verifySuccesfulFlightBookingMessage_onPurchase2page_ID91 -->
  <testcase name="checkDynamicRowsFunctionality_PassengersSection_ofPurchasePage_ID81" classname="com.uiFrameworkVersion1.companyName.mercury_tours.testScripts.TestScriptSet1">
    <skipped/>
  </testcase> <!-- checkDynamicRowsFunctionality_PassengersSection_ofPurchasePage_ID81 -->
  <testcase name="checkContinueButtonFunctionality_ofReservationPage_ID57" classname="com.uiFrameworkVersion1.companyName.mercury_tours.testScripts.TestScriptSet1">
    <skipped/>
  </testcase> <!-- checkContinueButtonFunctionality_ofReservationPage_ID57 -->
  <testcase name="check_FeaturedVactionsDestination_LinkNavigation_ofHomePage_ID34" classname="com.uiFrameworkVersion1.companyName.mercury_tours.testScripts.TestScriptSet1">
    <skipped/>
  </testcase> <!-- check_FeaturedVactionsDestination_LinkNavigation_ofHomePage_ID34 -->
  <testcase name="checkHotelsLinkNavigation_ID24" classname="com.uiFrameworkVersion1.companyName.mercury_tours.testScripts.TestScriptSet1">
    <skipped/>
  </testcase> <!-- checkHotelsLinkNavigation_ID24 -->
  <testcase name="verifyBillingAddress_DeliverySection_onPurchase2page_ID102" classname="com.uiFrameworkVersion1.companyName.mercury_tours.testScripts.TestScriptSet1">
    <skipped/>
  </testcase> <!-- verifyBillingAddress_DeliverySection_onPurchase2page_ID102 -->
  <testcase name="checkReturningDateFunctionality_ReturnSection_ofReservation2Page_ID66" classname="com.uiFrameworkVersion1.companyName.mercury_tours.testScripts.TestScriptSet1">
    <skipped/>
  </testcase> <!-- checkReturningDateFunctionality_ReturnSection_ofReservation2Page_ID66 -->
  <testcase name="check_yourDestination_LinkNavigation_ofWelcomePage_ID37" classname="com.uiFrameworkVersion1.companyName.mercury_tours.testScripts.TestScriptSet1">
    <skipped/>
  </testcase> <!-- check_yourDestination_LinkNavigation_ofWelcomePage_ID37 -->
  <testcase name="checkBackToHomeButton_ofUnderconstructionPage_ID45" classname="com.uiFrameworkVersion1.companyName.mercury_tours.testScripts.TestScriptSet1">
    <skipped/>
  </testcase> <!-- checkBackToHomeButton_ofUnderconstructionPage_ID45 -->
  <testcase name="checkCheckBoxFunctionality_BillingAddressSection_ofPurchasePage_ID88" classname="com.uiFrameworkVersion1.companyName.mercury_tours.testScripts.TestScriptSet1">
    <skipped/>
  </testcase> <!-- checkCheckBoxFunctionality_BillingAddressSection_ofPurchasePage_ID88 -->
  <testcase name="check_FeaturedVactionsDestination_LinkNavigation_ofIndexPage_ID42" classname="com.uiFrameworkVersion1.companyName.mercury_tours.testScripts.TestScriptSet1">
    <skipped/>
  </testcase> <!-- check_FeaturedVactionsDestination_LinkNavigation_ofIndexPage_ID42 -->
  <testcase name="verifyFlightDateTimeAirline_DepartingSection_onPurchase2page_ID93" classname="com.uiFrameworkVersion1.companyName.mercury_tours.testScripts.TestScriptSet1">
    <skipped/>
  </testcase> <!-- verifyFlightDateTimeAirline_DepartingSection_onPurchase2page_ID93 -->
  <testcase name="verifyFlightServiceClass_DepartingSection_onPurchase2page_ID94" classname="com.uiFrameworkVersion1.companyName.mercury_tours.testScripts.TestScriptSet1">
    <skipped/>
  </testcase> <!-- verifyFlightServiceClass_DepartingSection_onPurchase2page_ID94 -->
  <testcase name="checkCruisesLinkNavigation_ID26" classname="com.uiFrameworkVersion1.companyName.mercury_tours.testScripts.TestScriptSet1">
    <skipped/>
  </testcase> <!-- checkCruisesLinkNavigation_ID26 -->
  <testcase name="checkDropdownListFunctionality_PassengersSection_ofPurchasePage_ID82" classname="com.uiFrameworkVersion1.companyName.mercury_tours.testScripts.TestScriptSet1">
    <skipped/>
  </testcase> <!-- checkDropdownListFunctionality_PassengersSection_ofPurchasePage_ID82 -->
  <testcase name="checkDate_ofWelcomePage_ID40" classname="com.uiFrameworkVersion1.companyName.mercury_tours.testScripts.TestScriptSet1">
    <skipped/>
  </testcase> <!-- checkDate_ofWelcomePage_ID40 -->
  <testcase name="checkRadioButtons_FlightsDetailsSection_ofReservationage_ID47" classname="com.uiFrameworkVersion1.companyName.mercury_tours.testScripts.TestScriptSet1">
    <skipped/>
  </testcase> <!-- checkRadioButtons_FlightsDetailsSection_ofReservationage_ID47 -->
  <testcase name="checkDropDownListFunctionality_FlightDetailsSection_ReturningDayList_ofReservationPage_ID55" classname="com.uiFrameworkVersion1.companyName.mercury_tours.testScripts.TestScriptSet1">
    <skipped/>
  </testcase> <!-- checkDropDownListFunctionality_FlightDetailsSection_ReturningDayList_ofReservationPage_ID55 -->
</testsuite> <!-- com.uiFrameworkVersion1.companyName.mercury_tours.testScripts.TestScriptSet1 -->
