<?xml version="1.0" encoding="UTF-8"?>
<!-- Generated by org.testng.reporters.JUnitReportReporter -->
<testsuite skipped="40" hostname="ASUS-PC" name="com.uiFrameworkVersion1.companyName.mercury_tours.testScripts.TestScriptSet1" tests="41" failures="0" timestamp="10 Dec 2019 09:39:28 GMT" time="25.706" errors="0">
  <testcase name="checkLabelFunctionality_DepartSection_ofReservation2Page_ID62" time="25.706" classname="com.uiFrameworkVersion1.companyName.mercury_tours.testScripts.TestScriptSet1"/>
  <testcase name="checkRegisterLinkNavigation_ID30" classname="com.uiFrameworkVersion1.companyName.mercury_tours.testScripts.TestScriptSet1">
    <skipped/>
  </testcase> <!-- checkRegisterLinkNavigation_ID30 -->
  <testcase name="checkDropDownListFunctionality_FlightDetailsSection_OnDayList_ofReservationPage_ID52" classname="com.uiFrameworkVersion1.companyName.mercury_tours.testScripts.TestScriptSet1">
    <skipped/>
  </testcase> <!-- checkDropDownListFunctionality_FlightDetailsSection_OnDayList_ofReservationPage_ID52 -->
  <testcase name="checkDestinationsLinkNavigation_ID27" classname="com.uiFrameworkVersion1.companyName.mercury_tours.testScripts.TestScriptSet1">
    <skipped/>
  </testcase> <!-- checkDestinationsLinkNavigation_ID27 -->
  <testcase name="checkFlightsLinkNavigation_ID23" classname="com.uiFrameworkVersion1.companyName.mercury_tours.testScripts.TestScriptSet1">
    <skipped/>
  </testcase> <!-- checkFlightsLinkNavigation_ID23 -->
  <testcase name="checkDate_ofIndexPage_ID44" classname="com.uiFrameworkVersion1.companyName.mercury_tours.testScripts.TestScriptSet1">
    <skipped/>
  </testcase> <!-- checkDate_ofIndexPage_ID44 -->
  <testcase name="check_RegisterHere_LinkNavigation_ofIndexPage_ID43" classname="com.uiFrameworkVersion1.companyName.mercury_tours.testScripts.TestScriptSet1">
    <skipped/>
  </testcase> <!-- check_RegisterHere_LinkNavigation_ofIndexPage_ID43 -->
  <testcase name="checkContactLinkNavigation_ID32" classname="com.uiFrameworkVersion1.companyName.mercury_tours.testScripts.TestScriptSet1">
    <skipped/>
  </testcase> <!-- checkContactLinkNavigation_ID32 -->
  <testcase name="checkDropDownListFunctionality_PreferencesSection_AirlineList_ofReservationPage_ID56" classname="com.uiFrameworkVersion1.companyName.mercury_tours.testScripts.TestScriptSet1">
    <skipped/>
  </testcase> <!-- checkDropDownListFunctionality_PreferencesSection_AirlineList_ofReservationPage_ID56 -->
  <testcase name="checkSignOnLinkNavigation_ID29" classname="com.uiFrameworkVersion1.companyName.mercury_tours.testScripts.TestScriptSet1">
    <skipped/>
  </testcase> <!-- checkSignOnLinkNavigation_ID29 -->
  <testcase name="checkProfileLinkNavigation_ofReservationPage_ID59" classname="com.uiFrameworkVersion1.companyName.mercury_tours.testScripts.TestScriptSet1">
    <skipped/>
  </testcase> <!-- checkProfileLinkNavigation_ofReservationPage_ID59 -->
  <testcase name="checkCarRentalsLinkNavigation_ID25" classname="com.uiFrameworkVersion1.companyName.mercury_tours.testScripts.TestScriptSet1">
    <skipped/>
  </testcase> <!-- checkCarRentalsLinkNavigation_ID25 -->
  <testcase name="check_FeaturedVactionsDestination_LinkNavigation_ofWelcomePage_ID38" classname="com.uiFrameworkVersion1.companyName.mercury_tours.testScripts.TestScriptSet1">
    <skipped/>
  </testcase> <!-- check_FeaturedVactionsDestination_LinkNavigation_ofWelcomePage_ID38 -->
  <testcase name="checkDropDownListFunctionality_FlightDetailsSection_DepartingfromList_ofReservationPage_ID50" classname="com.uiFrameworkVersion1.companyName.mercury_tours.testScripts.TestScriptSet1">
    <skipped/>
  </testcase> <!-- checkDropDownListFunctionality_FlightDetailsSection_DepartingfromList_ofReservationPage_ID50 -->
  <testcase name="check_yourDestination_LinkNavigation_ofIndexPage_ID41" classname="com.uiFrameworkVersion1.companyName.mercury_tours.testScripts.TestScriptSet1">
    <skipped/>
  </testcase> <!-- check_yourDestination_LinkNavigation_ofIndexPage_ID41 -->
  <testcase name="checkItineraryLinkNavigation_ofReservationPage_ID58" classname="com.uiFrameworkVersion1.companyName.mercury_tours.testScripts.TestScriptSet1">
    <skipped/>
  </testcase> <!-- checkItineraryLinkNavigation_ofReservationPage_ID58 -->
  <testcase name="checkDropDownListFunctionality_FlightDetailsSection_PassengersList_ofReservationPage_ID49" classname="com.uiFrameworkVersion1.companyName.mercury_tours.testScripts.TestScriptSet1">
    <skipped/>
  </testcase> <!-- checkDropDownListFunctionality_FlightDetailsSection_PassengersList_ofReservationPage_ID49 -->
  <testcase name="checkDropDownListFunctionality_FlightDetailsSection_ReturningMonthList_ofReservationPage_ID54" classname="com.uiFrameworkVersion1.companyName.mercury_tours.testScripts.TestScriptSet1">
    <skipped/>
  </testcase> <!-- checkDropDownListFunctionality_FlightDetailsSection_ReturningMonthList_ofReservationPage_ID54 -->
  <testcase name="checkDropDownListFunctionality_FlightDetailsSection_ArrivingInList_ofReservationPage_ID53" classname="com.uiFrameworkVersion1.companyName.mercury_tours.testScripts.TestScriptSet1">
    <skipped/>
  </testcase> <!-- checkDropDownListFunctionality_FlightDetailsSection_ArrivingInList_ofReservationPage_ID53 -->
  <testcase name="checkSupportLinkNavigation_ID31" classname="com.uiFrameworkVersion1.companyName.mercury_tours.testScripts.TestScriptSet1">
    <skipped/>
  </testcase> <!-- checkSupportLinkNavigation_ID31 -->
  <testcase name="check_yourDestination_LinkNavigation_ofHomePage_ID33" classname="com.uiFrameworkVersion1.companyName.mercury_tours.testScripts.TestScriptSet1">
    <skipped/>
  </testcase> <!-- check_yourDestination_LinkNavigation_ofHomePage_ID33 -->
  <testcase name="checkHomeLinkNavigation_ID22" classname="com.uiFrameworkVersion1.companyName.mercury_tours.testScripts.TestScriptSet1">
    <skipped/>
  </testcase> <!-- checkHomeLinkNavigation_ID22 -->
  <testcase name="checkRadioButtonFunctionality_DepartSection_ofReservation2Page_ID61" classname="com.uiFrameworkVersion1.companyName.mercury_tours.testScripts.TestScriptSet1">
    <skipped/>
  </testcase> <!-- checkRadioButtonFunctionality_DepartSection_ofReservation2Page_ID61 -->
  <testcase name="check_RegisterHere_LinkNavigation_ofWelcomePage_ID39" classname="com.uiFrameworkVersion1.companyName.mercury_tours.testScripts.TestScriptSet1">
    <skipped/>
  </testcase> <!-- check_RegisterHere_LinkNavigation_ofWelcomePage_ID39 -->
  <testcase name="checkContinueButtonFunctionality_ofReservationPage_ID57" classname="com.uiFrameworkVersion1.companyName.mercury_tours.testScripts.TestScriptSet1">
    <skipped/>
  </testcase> <!-- checkContinueButtonFunctionality_ofReservationPage_ID57 -->
  <testcase name="checkDate_ofHomePage_ID36" classname="com.uiFrameworkVersion1.companyName.mercury_tours.testScripts.TestScriptSet1">
    <skipped/>
  </testcase> <!-- checkDate_ofHomePage_ID36 -->
  <testcase name="check_FeaturedVactionsDestination_LinkNavigation_ofHomePage_ID34" classname="com.uiFrameworkVersion1.companyName.mercury_tours.testScripts.TestScriptSet1">
    <skipped/>
  </testcase> <!-- check_FeaturedVactionsDestination_LinkNavigation_ofHomePage_ID34 -->
  <testcase name="checkRegistrationFormLink_ofSignOnPage_ID46" classname="com.uiFrameworkVersion1.companyName.mercury_tours.testScripts.TestScriptSet1">
    <skipped/>
  </testcase> <!-- checkRegistrationFormLink_ofSignOnPage_ID46 -->
  <testcase name="checkRadioButtons_PreferencesSection_ofReservationPage_ID48" classname="com.uiFrameworkVersion1.companyName.mercury_tours.testScripts.TestScriptSet1">
    <skipped/>
  </testcase> <!-- checkRadioButtons_PreferencesSection_ofReservationPage_ID48 -->
  <testcase name="checkHotelsLinkNavigation_ID24" classname="com.uiFrameworkVersion1.companyName.mercury_tours.testScripts.TestScriptSet1">
    <skipped/>
  </testcase> <!-- checkHotelsLinkNavigation_ID24 -->
  <testcase name="check_yourDestination_LinkNavigation_ofWelcomePage_ID37" classname="com.uiFrameworkVersion1.companyName.mercury_tours.testScripts.TestScriptSet1">
    <skipped/>
  </testcase> <!-- check_yourDestination_LinkNavigation_ofWelcomePage_ID37 -->
  <testcase name="checkBackToHomeButton_ofUnderconstructionPage_ID45" classname="com.uiFrameworkVersion1.companyName.mercury_tours.testScripts.TestScriptSet1">
    <skipped/>
  </testcase> <!-- checkBackToHomeButton_ofUnderconstructionPage_ID45 -->
  <testcase name="check_RegisterHere_LinkNavigation_ofHomePage_ID35" classname="com.uiFrameworkVersion1.companyName.mercury_tours.testScripts.TestScriptSet1">
    <skipped/>
  </testcase> <!-- check_RegisterHere_LinkNavigation_ofHomePage_ID35 -->
  <testcase name="check_FeaturedVactionsDestination_LinkNavigation_ofIndexPage_ID42" classname="com.uiFrameworkVersion1.companyName.mercury_tours.testScripts.TestScriptSet1">
    <skipped/>
  </testcase> <!-- check_FeaturedVactionsDestination_LinkNavigation_ofIndexPage_ID42 -->
  <testcase name="checkVacationsLinkNavigation_ID28" classname="com.uiFrameworkVersion1.companyName.mercury_tours.testScripts.TestScriptSet1">
    <skipped/>
  </testcase> <!-- checkVacationsLinkNavigation_ID28 -->
  <testcase name="checkDropDownListFunctionality_FlightDetailsSection_OnMonthList_ofReservationPage_ID51" classname="com.uiFrameworkVersion1.companyName.mercury_tours.testScripts.TestScriptSet1">
    <skipped/>
  </testcase> <!-- checkDropDownListFunctionality_FlightDetailsSection_OnMonthList_ofReservationPage_ID51 -->
  <testcase name="checkCruisesLinkNavigation_ID26" classname="com.uiFrameworkVersion1.companyName.mercury_tours.testScripts.TestScriptSet1">
    <skipped/>
  </testcase> <!-- checkCruisesLinkNavigation_ID26 -->
  <testcase name="checkRadioButtons_FlightsDetailsSection_ofReservationage_ID47" classname="com.uiFrameworkVersion1.companyName.mercury_tours.testScripts.TestScriptSet1">
    <skipped/>
  </testcase> <!-- checkRadioButtons_FlightsDetailsSection_ofReservationage_ID47 -->
  <testcase name="checkDate_ofWelcomePage_ID40" classname="com.uiFrameworkVersion1.companyName.mercury_tours.testScripts.TestScriptSet1">
    <skipped/>
  </testcase> <!-- checkDate_ofWelcomePage_ID40 -->
  <testcase name="checkRadioButtonFunctionality_ReturnSection_ofReservation2Page_ID62" classname="com.uiFrameworkVersion1.companyName.mercury_tours.testScripts.TestScriptSet1">
    <skipped/>
  </testcase> <!-- checkRadioButtonFunctionality_ReturnSection_ofReservation2Page_ID62 -->
  <testcase name="checkDropDownListFunctionality_FlightDetailsSection_ReturningDayList_ofReservationPage_ID55" classname="com.uiFrameworkVersion1.companyName.mercury_tours.testScripts.TestScriptSet1">
    <skipped/>
  </testcase> <!-- checkDropDownListFunctionality_FlightDetailsSection_ReturningDayList_ofReservationPage_ID55 -->
</testsuite> <!-- com.uiFrameworkVersion1.companyName.mercury_tours.testScripts.TestScriptSet1 -->
