<?xml version="1.0" encoding="UTF-8"?>
<!-- Generated by org.testng.reporters.JUnitReportReporter -->
<testsuite skipped="27" hostname="ASUS-PC" name="com.uiFrameworkVersion1.companyName.mercury_tours.testScripts.TestScriptSet1" tests="35" failures="0" timestamp="07 Dec 2019 14:19:02 GMT" time="193.704" errors="0">
  <testcase name="checkDropDownListFunctionality_FlightDetailsSection_ArrivingInList_ofReservationPage_ID53" time="27.225" classname="com.uiFrameworkVersion1.companyName.mercury_tours.testScripts.TestScriptSet1"/>
  <testcase name="checkDropDownListFunctionality_FlightDetailsSection_OnDayList_ofReservationPage_ID52" time="30.861" classname="com.uiFrameworkVersion1.companyName.mercury_tours.testScripts.TestScriptSet1"/>
  <testcase name="checkDropDownListFunctionality_FlightDetailsSection_ReturningDayList_ofReservationPage_ID55" time="25.055" classname="com.uiFrameworkVersion1.companyName.mercury_tours.testScripts.TestScriptSet1"/>
  <testcase name="checkDropDownListFunctionality_FlightDetailsSection_ReturningMonthList_ofReservationPage_ID54" time="22.056" classname="com.uiFrameworkVersion1.companyName.mercury_tours.testScripts.TestScriptSet1"/>
  <testcase name="checkDropDownListFunctionality_PreferencesSection_AirlineList_ofReservationPage_ID56" time="21.227" classname="com.uiFrameworkVersion1.companyName.mercury_tours.testScripts.TestScriptSet1"/>
  <testcase name="checkDropDownListFunctionality_FlightDetailsSection_DepartingfromList_ofReservationPage_ID50" time="21.544" classname="com.uiFrameworkVersion1.companyName.mercury_tours.testScripts.TestScriptSet1"/>
  <testcase name="checkDropDownListFunctionality_FlightDetailsSection_PassengersList_ofReservationPage_ID49" time="20.081" classname="com.uiFrameworkVersion1.companyName.mercury_tours.testScripts.TestScriptSet1"/>
  <testcase name="checkDropDownListFunctionality_FlightDetailsSection_OnMonthList_ofReservationPage_ID51" time="25.655" classname="com.uiFrameworkVersion1.companyName.mercury_tours.testScripts.TestScriptSet1"/>
  <testcase name="checkRegisterLinkNavigation_ID30" classname="com.uiFrameworkVersion1.companyName.mercury_tours.testScripts.TestScriptSet1">
    <skipped/>
  </testcase> <!-- checkRegisterLinkNavigation_ID30 -->
  <testcase name="checkDestinationsLinkNavigation_ID27" classname="com.uiFrameworkVersion1.companyName.mercury_tours.testScripts.TestScriptSet1">
    <skipped/>
  </testcase> <!-- checkDestinationsLinkNavigation_ID27 -->
  <testcase name="checkFlightsLinkNavigation_ID23" classname="com.uiFrameworkVersion1.companyName.mercury_tours.testScripts.TestScriptSet1">
    <skipped/>
  </testcase> <!-- checkFlightsLinkNavigation_ID23 -->
  <testcase name="checkDate_ofIndexPage_ID44" classname="com.uiFrameworkVersion1.companyName.mercury_tours.testScripts.TestScriptSet1">
    <skipped/>
  </testcase> <!-- checkDate_ofIndexPage_ID44 -->
  <testcase name="check_RegisterHere_LinkNavigation_ofIndexPage_ID43" classname="com.uiFrameworkVersion1.companyName.mercury_tours.testScripts.TestScriptSet1">
    <skipped/>
  </testcase> <!-- check_RegisterHere_LinkNavigation_ofIndexPage_ID43 -->
  <testcase name="checkContactLinkNavigation_ID32" classname="com.uiFrameworkVersion1.companyName.mercury_tours.testScripts.TestScriptSet1">
    <skipped/>
  </testcase> <!-- checkContactLinkNavigation_ID32 -->
  <testcase name="checkSignOnLinkNavigation_ID29" classname="com.uiFrameworkVersion1.companyName.mercury_tours.testScripts.TestScriptSet1">
    <skipped/>
  </testcase> <!-- checkSignOnLinkNavigation_ID29 -->
  <testcase name="checkCarRentalsLinkNavigation_ID25" classname="com.uiFrameworkVersion1.companyName.mercury_tours.testScripts.TestScriptSet1">
    <skipped/>
  </testcase> <!-- checkCarRentalsLinkNavigation_ID25 -->
  <testcase name="check_FeaturedVactionsDestination_LinkNavigation_ofWelcomePage_ID38" classname="com.uiFrameworkVersion1.companyName.mercury_tours.testScripts.TestScriptSet1">
    <skipped/>
  </testcase> <!-- check_FeaturedVactionsDestination_LinkNavigation_ofWelcomePage_ID38 -->
  <testcase name="check_yourDestination_LinkNavigation_ofIndexPage_ID41" classname="com.uiFrameworkVersion1.companyName.mercury_tours.testScripts.TestScriptSet1">
    <skipped/>
  </testcase> <!-- check_yourDestination_LinkNavigation_ofIndexPage_ID41 -->
  <testcase name="checkSupportLinkNavigation_ID31" classname="com.uiFrameworkVersion1.companyName.mercury_tours.testScripts.TestScriptSet1">
    <skipped/>
  </testcase> <!-- checkSupportLinkNavigation_ID31 -->
  <testcase name="check_yourDestination_LinkNavigation_ofHomePage_ID33" classname="com.uiFrameworkVersion1.companyName.mercury_tours.testScripts.TestScriptSet1">
    <skipped/>
  </testcase> <!-- check_yourDestination_LinkNavigation_ofHomePage_ID33 -->
  <testcase name="checkHomeLinkNavigation_ID22" classname="com.uiFrameworkVersion1.companyName.mercury_tours.testScripts.TestScriptSet1">
    <skipped/>
  </testcase> <!-- checkHomeLinkNavigation_ID22 -->
  <testcase name="check_RegisterHere_LinkNavigation_ofWelcomePage_ID39" classname="com.uiFrameworkVersion1.companyName.mercury_tours.testScripts.TestScriptSet1">
    <skipped/>
  </testcase> <!-- check_RegisterHere_LinkNavigation_ofWelcomePage_ID39 -->
  <testcase name="checkDate_ofHomePage_ID36" classname="com.uiFrameworkVersion1.companyName.mercury_tours.testScripts.TestScriptSet1">
    <skipped/>
  </testcase> <!-- checkDate_ofHomePage_ID36 -->
  <testcase name="check_FeaturedVactionsDestination_LinkNavigation_ofHomePage_ID34" classname="com.uiFrameworkVersion1.companyName.mercury_tours.testScripts.TestScriptSet1">
    <skipped/>
  </testcase> <!-- check_FeaturedVactionsDestination_LinkNavigation_ofHomePage_ID34 -->
  <testcase name="checkRegistrationFormLink_ofSignOnPage_ID46" classname="com.uiFrameworkVersion1.companyName.mercury_tours.testScripts.TestScriptSet1">
    <skipped/>
  </testcase> <!-- checkRegistrationFormLink_ofSignOnPage_ID46 -->
  <testcase name="checkRadioButtons_PreferencesSection_ofReservationPage_ID48" classname="com.uiFrameworkVersion1.companyName.mercury_tours.testScripts.TestScriptSet1">
    <skipped/>
  </testcase> <!-- checkRadioButtons_PreferencesSection_ofReservationPage_ID48 -->
  <testcase name="checkHotelsLinkNavigation_ID24" classname="com.uiFrameworkVersion1.companyName.mercury_tours.testScripts.TestScriptSet1">
    <skipped/>
  </testcase> <!-- checkHotelsLinkNavigation_ID24 -->
  <testcase name="check_yourDestination_LinkNavigation_ofWelcomePage_ID37" classname="com.uiFrameworkVersion1.companyName.mercury_tours.testScripts.TestScriptSet1">
    <skipped/>
  </testcase> <!-- check_yourDestination_LinkNavigation_ofWelcomePage_ID37 -->
  <testcase name="checkBackToHomeButton_ofUnderconstructionPage_ID45" classname="com.uiFrameworkVersion1.companyName.mercury_tours.testScripts.TestScriptSet1">
    <skipped/>
  </testcase> <!-- checkBackToHomeButton_ofUnderconstructionPage_ID45 -->
  <testcase name="check_RegisterHere_LinkNavigation_ofHomePage_ID35" classname="com.uiFrameworkVersion1.companyName.mercury_tours.testScripts.TestScriptSet1">
    <skipped/>
  </testcase> <!-- check_RegisterHere_LinkNavigation_ofHomePage_ID35 -->
  <testcase name="check_FeaturedVactionsDestination_LinkNavigation_ofIndexPage_ID42" classname="com.uiFrameworkVersion1.companyName.mercury_tours.testScripts.TestScriptSet1">
    <skipped/>
  </testcase> <!-- check_FeaturedVactionsDestination_LinkNavigation_ofIndexPage_ID42 -->
  <testcase name="checkVacationsLinkNavigation_ID28" classname="com.uiFrameworkVersion1.companyName.mercury_tours.testScripts.TestScriptSet1">
    <skipped/>
  </testcase> <!-- checkVacationsLinkNavigation_ID28 -->
  <testcase name="checkCruisesLinkNavigation_ID26" classname="com.uiFrameworkVersion1.companyName.mercury_tours.testScripts.TestScriptSet1">
    <skipped/>
  </testcase> <!-- checkCruisesLinkNavigation_ID26 -->
  <testcase name="checkRadioButtons_FlightsDetailsSection_ofReservationage_ID47" classname="com.uiFrameworkVersion1.companyName.mercury_tours.testScripts.TestScriptSet1">
    <skipped/>
  </testcase> <!-- checkRadioButtons_FlightsDetailsSection_ofReservationage_ID47 -->
  <testcase name="checkDate_ofWelcomePage_ID40" classname="com.uiFrameworkVersion1.companyName.mercury_tours.testScripts.TestScriptSet1">
    <skipped/>
  </testcase> <!-- checkDate_ofWelcomePage_ID40 -->
</testsuite> <!-- com.uiFrameworkVersion1.companyName.mercury_tours.testScripts.TestScriptSet1 -->
